nohup: ignoring input
/home/andrew/anaconda3/lib/python3.6/site-packages/h5py/__init__.py:36: FutureWarning: Conversion of the second argument of issubdtype from `float` to `np.floating` is deprecated. In future, it will be treated as `np.float64 == np.dtype(float).type`.
  from ._conv import register_converters as _register_converters
Using TensorFlow backend.
Creating list of isomorphic graph pairs...
Done!
Creating list of random graph pairs...
Done!
Creating PING graphs...
Done!
naive_nn_model.py:78: UserWarning: Update your `Dense` call to the Keras 2 API: `Dense(input_dim=6, activation="relu", units=10)`
  model.add(Dense(output_dim=10, input_dim=6, activation='relu'))
naive_nn_model.py:80: UserWarning: Update your `Dense` call to the Keras 2 API: `Dense(activation="sigmoid", units=1)`
  model.add(Dense(output_dim=1, activation='sigmoid'))
naive_nn_model.py:91: UserWarning: The `nb_epoch` argument in `fit` has been renamed `epochs`.
  model.fit(X, y, nb_epoch=200, batch_size=10,validation_split=0.2)
Train on 240 samples, validate on 60 samples
Epoch 1/200
2019-01-06 21:03:41.283344: I tensorflow/core/platform/cpu_feature_guard.cc:141] Your CPU supports instructions that this TensorFlow binary was not compiled to use: AVX2 FMA

 10/240 [>.............................] - ETA: 5s - loss: 0.7659 - acc: 0.6000
240/240 [==============================] - 0s 1ms/step - loss: 0.6610 - acc: 0.5958 - val_loss: 0.5713 - val_acc: 0.7500
Epoch 2/200

 10/240 [>.............................] - ETA: 0s - loss: 0.8077 - acc: 0.3000
240/240 [==============================] - 0s 81us/step - loss: 0.6836 - acc: 0.5833 - val_loss: 0.5653 - val_acc: 0.7500
Epoch 3/200

 10/240 [>.............................] - ETA: 0s - loss: 0.6177 - acc: 0.7000
240/240 [==============================] - 0s 78us/step - loss: 0.6528 - acc: 0.5917 - val_loss: 0.5591 - val_acc: 0.7500
Epoch 4/200

 10/240 [>.............................] - ETA: 0s - loss: 1.0407 - acc: 0.2000
240/240 [==============================] - 0s 80us/step - loss: 0.6363 - acc: 0.6333 - val_loss: 0.5543 - val_acc: 0.7500
Epoch 5/200

 10/240 [>.............................] - ETA: 0s - loss: 0.6737 - acc: 0.6000
240/240 [==============================] - 0s 80us/step - loss: 0.6355 - acc: 0.6083 - val_loss: 0.5483 - val_acc: 0.7500
Epoch 6/200

 10/240 [>.............................] - ETA: 0s - loss: 0.6044 - acc: 0.7000
240/240 [==============================] - 0s 78us/step - loss: 0.6074 - acc: 0.6583 - val_loss: 0.5444 - val_acc: 0.7500
Epoch 7/200

 10/240 [>.............................] - ETA: 0s - loss: 0.6242 - acc: 0.8000
240/240 [==============================] - 0s 80us/step - loss: 0.6318 - acc: 0.6167 - val_loss: 0.5381 - val_acc: 0.7500
Epoch 8/200

 10/240 [>.............................] - ETA: 0s - loss: 0.5774 - acc: 0.6000
240/240 [==============================] - 0s 79us/step - loss: 0.6141 - acc: 0.6417 - val_loss: 0.5339 - val_acc: 0.7500
Epoch 9/200

 10/240 [>.............................] - ETA: 0s - loss: 0.6867 - acc: 0.6000
240/240 [==============================] - 0s 78us/step - loss: 0.6116 - acc: 0.6708 - val_loss: 0.5278 - val_acc: 0.7500
Epoch 10/200

 10/240 [>.............................] - ETA: 0s - loss: 0.6974 - acc: 0.6000
240/240 [==============================] - 0s 78us/step - loss: 0.6049 - acc: 0.6958 - val_loss: 0.5206 - val_acc: 0.7500
Epoch 11/200

 10/240 [>.............................] - ETA: 0s - loss: 0.5676 - acc: 0.8000
240/240 [==============================] - 0s 81us/step - loss: 0.6022 - acc: 0.6667 - val_loss: 0.5148 - val_acc: 0.7500
Epoch 12/200

 10/240 [>.............................] - ETA: 0s - loss: 0.5467 - acc: 0.9000
240/240 [==============================] - 0s 80us/step - loss: 0.5768 - acc: 0.6875 - val_loss: 0.5090 - val_acc: 0.7500
Epoch 13/200

 10/240 [>.............................] - ETA: 0s - loss: 0.6443 - acc: 0.6000
240/240 [==============================] - 0s 79us/step - loss: 0.5636 - acc: 0.6708 - val_loss: 0.5021 - val_acc: 0.7500
Epoch 14/200

 10/240 [>.............................] - ETA: 0s - loss: 0.5479 - acc: 0.6000
240/240 [==============================] - 0s 78us/step - loss: 0.5579 - acc: 0.7417 - val_loss: 0.4935 - val_acc: 0.7500
Epoch 15/200

 10/240 [>.............................] - ETA: 0s - loss: 0.4940 - acc: 0.8000
240/240 [==============================] - 0s 81us/step - loss: 0.5689 - acc: 0.7000 - val_loss: 0.4889 - val_acc: 0.7500
Epoch 16/200

 10/240 [>.............................] - ETA: 0s - loss: 0.4319 - acc: 0.9000
240/240 [==============================] - 0s 79us/step - loss: 0.5468 - acc: 0.7417 - val_loss: 0.4800 - val_acc: 0.7500
Epoch 17/200

 10/240 [>.............................] - ETA: 0s - loss: 0.5349 - acc: 0.8000
240/240 [==============================] - 0s 80us/step - loss: 0.5630 - acc: 0.7167 - val_loss: 0.4761 - val_acc: 0.7500
Epoch 18/200

 10/240 [>.............................] - ETA: 0s - loss: 0.6080 - acc: 0.8000
240/240 [==============================] - 0s 80us/step - loss: 0.5274 - acc: 0.7917 - val_loss: 0.4695 - val_acc: 0.7500
Epoch 19/200

 10/240 [>.............................] - ETA: 0s - loss: 0.4545 - acc: 0.9000
240/240 [==============================] - 0s 79us/step - loss: 0.5388 - acc: 0.7917 - val_loss: 0.4611 - val_acc: 0.7500
Epoch 20/200

 10/240 [>.............................] - ETA: 0s - loss: 0.5965 - acc: 0.9000
240/240 [==============================] - 0s 82us/step - loss: 0.5436 - acc: 0.7375 - val_loss: 0.4571 - val_acc: 1.0000
Epoch 21/200

 10/240 [>.............................] - ETA: 0s - loss: 0.5557 - acc: 0.9000
240/240 [==============================] - 0s 79us/step - loss: 0.5151 - acc: 0.7875 - val_loss: 0.4519 - val_acc: 0.9167
Epoch 22/200

 10/240 [>.............................] - ETA: 0s - loss: 0.4479 - acc: 0.8000
240/240 [==============================] - 0s 78us/step - loss: 0.5128 - acc: 0.7667 - val_loss: 0.4424 - val_acc: 1.0000
Epoch 23/200

 10/240 [>.............................] - ETA: 0s - loss: 0.5499 - acc: 0.9000
240/240 [==============================] - 0s 80us/step - loss: 0.5115 - acc: 0.7833 - val_loss: 0.4341 - val_acc: 1.0000
Epoch 24/200

 10/240 [>.............................] - ETA: 0s - loss: 0.4102 - acc: 0.9000
240/240 [==============================] - 0s 78us/step - loss: 0.4792 - acc: 0.7708 - val_loss: 0.4272 - val_acc: 1.0000
Epoch 25/200

 10/240 [>.............................] - ETA: 0s - loss: 0.6125 - acc: 0.5000
240/240 [==============================] - 0s 78us/step - loss: 0.4966 - acc: 0.7792 - val_loss: 0.4202 - val_acc: 0.9167
Epoch 26/200

 10/240 [>.............................] - ETA: 0s - loss: 0.4442 - acc: 0.9000
240/240 [==============================] - 0s 81us/step - loss: 0.5038 - acc: 0.7625 - val_loss: 0.4141 - val_acc: 0.9167
Epoch 27/200

 10/240 [>.............................] - ETA: 0s - loss: 0.5065 - acc: 0.6000
240/240 [==============================] - 0s 78us/step - loss: 0.4928 - acc: 0.7833 - val_loss: 0.4101 - val_acc: 0.9167
Epoch 28/200

 10/240 [>.............................] - ETA: 0s - loss: 0.5104 - acc: 0.8000
240/240 [==============================] - 0s 77us/step - loss: 0.4843 - acc: 0.7958 - val_loss: 0.4058 - val_acc: 0.9167
Epoch 29/200

 10/240 [>.............................] - ETA: 0s - loss: 0.5256 - acc: 0.8000
240/240 [==============================] - 0s 81us/step - loss: 0.4749 - acc: 0.7833 - val_loss: 0.3969 - val_acc: 0.9167
Epoch 30/200

 10/240 [>.............................] - ETA: 0s - loss: 0.4215 - acc: 0.8000
240/240 [==============================] - 0s 78us/step - loss: 0.4648 - acc: 0.8083 - val_loss: 0.3906 - val_acc: 0.9167
Epoch 31/200

 10/240 [>.............................] - ETA: 0s - loss: 0.4256 - acc: 1.0000
240/240 [==============================] - 0s 77us/step - loss: 0.4624 - acc: 0.8250 - val_loss: 0.3856 - val_acc: 0.9167
Epoch 32/200

 10/240 [>.............................] - ETA: 0s - loss: 0.4551 - acc: 0.7000
240/240 [==============================] - 0s 79us/step - loss: 0.4647 - acc: 0.7958 - val_loss: 0.3833 - val_acc: 0.9167
Epoch 33/200

 10/240 [>.............................] - ETA: 0s - loss: 0.2921 - acc: 0.9000
240/240 [==============================] - 0s 79us/step - loss: 0.4574 - acc: 0.8000 - val_loss: 0.3762 - val_acc: 0.9167
Epoch 34/200

 10/240 [>.............................] - ETA: 0s - loss: 0.6922 - acc: 0.6000
240/240 [==============================] - 0s 77us/step - loss: 0.4575 - acc: 0.7917 - val_loss: 0.3716 - val_acc: 0.9167
Epoch 35/200

 10/240 [>.............................] - ETA: 0s - loss: 0.5070 - acc: 0.8000
240/240 [==============================] - 0s 80us/step - loss: 0.4677 - acc: 0.7750 - val_loss: 0.3661 - val_acc: 0.9167
Epoch 36/200

 10/240 [>.............................] - ETA: 0s - loss: 0.4596 - acc: 0.9000
240/240 [==============================] - 0s 78us/step - loss: 0.4726 - acc: 0.7833 - val_loss: 0.3609 - val_acc: 0.9167
Epoch 37/200

 10/240 [>.............................] - ETA: 0s - loss: 0.4170 - acc: 0.9000
240/240 [==============================] - 0s 79us/step - loss: 0.4454 - acc: 0.8208 - val_loss: 0.3557 - val_acc: 0.9167
Epoch 38/200

 10/240 [>.............................] - ETA: 0s - loss: 0.3575 - acc: 0.9000
240/240 [==============================] - 0s 81us/step - loss: 0.4454 - acc: 0.8458 - val_loss: 0.3505 - val_acc: 0.9167
Epoch 39/200

 10/240 [>.............................] - ETA: 0s - loss: 0.5231 - acc: 0.6000
240/240 [==============================] - 0s 80us/step - loss: 0.4413 - acc: 0.8542 - val_loss: 0.3452 - val_acc: 0.9167
Epoch 40/200

 10/240 [>.............................] - ETA: 0s - loss: 0.3693 - acc: 0.9000
240/240 [==============================] - 0s 81us/step - loss: 0.4307 - acc: 0.8708 - val_loss: 0.3398 - val_acc: 0.9167
Epoch 41/200

 10/240 [>.............................] - ETA: 0s - loss: 0.4674 - acc: 0.8000
240/240 [==============================] - 0s 83us/step - loss: 0.4104 - acc: 0.8542 - val_loss: 0.3344 - val_acc: 0.9167
Epoch 42/200

 10/240 [>.............................] - ETA: 0s - loss: 0.3404 - acc: 0.8000
240/240 [==============================] - 0s 78us/step - loss: 0.4305 - acc: 0.8167 - val_loss: 0.3301 - val_acc: 0.9167
Epoch 43/200

 10/240 [>.............................] - ETA: 0s - loss: 0.2568 - acc: 1.0000
240/240 [==============================] - 0s 78us/step - loss: 0.4329 - acc: 0.8250 - val_loss: 0.3259 - val_acc: 0.9167
Epoch 44/200

 10/240 [>.............................] - ETA: 0s - loss: 0.3916 - acc: 0.8000
240/240 [==============================] - 0s 80us/step - loss: 0.4117 - acc: 0.8792 - val_loss: 0.3226 - val_acc: 0.9167
Epoch 45/200

 10/240 [>.............................] - ETA: 0s - loss: 0.3236 - acc: 1.0000
240/240 [==============================] - 0s 82us/step - loss: 0.4155 - acc: 0.8542 - val_loss: 0.3183 - val_acc: 0.9167
Epoch 46/200

 10/240 [>.............................] - ETA: 0s - loss: 0.4480 - acc: 0.7000
240/240 [==============================] - 0s 79us/step - loss: 0.3906 - acc: 0.8500 - val_loss: 0.3151 - val_acc: 0.9167
Epoch 47/200

 10/240 [>.............................] - ETA: 0s - loss: 0.4081 - acc: 0.9000
240/240 [==============================] - 0s 80us/step - loss: 0.4277 - acc: 0.8000 - val_loss: 0.3110 - val_acc: 0.9167
Epoch 48/200

 10/240 [>.............................] - ETA: 0s - loss: 0.4072 - acc: 0.9000
240/240 [==============================] - 0s 79us/step - loss: 0.3860 - acc: 0.8458 - val_loss: 0.3071 - val_acc: 0.9167
Epoch 49/200

 10/240 [>.............................] - ETA: 0s - loss: 0.3227 - acc: 0.9000
240/240 [==============================] - 0s 79us/step - loss: 0.4129 - acc: 0.8292 - val_loss: 0.3035 - val_acc: 0.9167
Epoch 50/200

 10/240 [>.............................] - ETA: 0s - loss: 0.4049 - acc: 0.8000
240/240 [==============================] - 0s 92us/step - loss: 0.4093 - acc: 0.8333 - val_loss: 0.3006 - val_acc: 0.9167
Epoch 51/200

 10/240 [>.............................] - ETA: 0s - loss: 0.2700 - acc: 0.9000
240/240 [==============================] - 0s 81us/step - loss: 0.3938 - acc: 0.8583 - val_loss: 0.2977 - val_acc: 0.9167
Epoch 52/200

 10/240 [>.............................] - ETA: 0s - loss: 0.4737 - acc: 0.8000
240/240 [==============================] - 0s 78us/step - loss: 0.3796 - acc: 0.8583 - val_loss: 0.2932 - val_acc: 0.9167
Epoch 53/200

 10/240 [>.............................] - ETA: 0s - loss: 0.3702 - acc: 0.9000
240/240 [==============================] - 0s 78us/step - loss: 0.3965 - acc: 0.8417 - val_loss: 0.2900 - val_acc: 0.9167
Epoch 54/200

 10/240 [>.............................] - ETA: 0s - loss: 0.2070 - acc: 1.0000
240/240 [==============================] - 0s 81us/step - loss: 0.3660 - acc: 0.8542 - val_loss: 0.2857 - val_acc: 0.9167
Epoch 55/200

 10/240 [>.............................] - ETA: 0s - loss: 0.3433 - acc: 0.8000
240/240 [==============================] - 0s 79us/step - loss: 0.3613 - acc: 0.8708 - val_loss: 0.2838 - val_acc: 0.9167
Epoch 56/200

 10/240 [>.............................] - ETA: 0s - loss: 0.3522 - acc: 0.8000
240/240 [==============================] - 0s 79us/step - loss: 0.3798 - acc: 0.8333 - val_loss: 0.2792 - val_acc: 0.9167
Epoch 57/200

 10/240 [>.............................] - ETA: 0s - loss: 0.3479 - acc: 0.9000
240/240 [==============================] - 0s 79us/step - loss: 0.3795 - acc: 0.8500 - val_loss: 0.2758 - val_acc: 0.9167
Epoch 58/200

 10/240 [>.............................] - ETA: 0s - loss: 0.2891 - acc: 1.0000
240/240 [==============================] - 0s 78us/step - loss: 0.3764 - acc: 0.8417 - val_loss: 0.2728 - val_acc: 0.9167
Epoch 59/200

 10/240 [>.............................] - ETA: 0s - loss: 0.3557 - acc: 0.9000
240/240 [==============================] - 0s 80us/step - loss: 0.3823 - acc: 0.8292 - val_loss: 0.2702 - val_acc: 0.9167
Epoch 60/200

 10/240 [>.............................] - ETA: 0s - loss: 0.2958 - acc: 0.9000
240/240 [==============================] - 0s 80us/step - loss: 0.3408 - acc: 0.8542 - val_loss: 0.2673 - val_acc: 0.9167
Epoch 61/200

 10/240 [>.............................] - ETA: 0s - loss: 0.3525 - acc: 0.9000
240/240 [==============================] - 0s 81us/step - loss: 0.3677 - acc: 0.8458 - val_loss: 0.2646 - val_acc: 0.9167
Epoch 62/200

 10/240 [>.............................] - ETA: 0s - loss: 0.2819 - acc: 0.9000
240/240 [==============================] - 0s 82us/step - loss: 0.3702 - acc: 0.8417 - val_loss: 0.2603 - val_acc: 0.9167
Epoch 63/200

 10/240 [>.............................] - ETA: 0s - loss: 0.3231 - acc: 0.9000
240/240 [==============================] - 0s 82us/step - loss: 0.3586 - acc: 0.8458 - val_loss: 0.2582 - val_acc: 0.9167
Epoch 64/200

 10/240 [>.............................] - ETA: 0s - loss: 0.3216 - acc: 0.9000
240/240 [==============================] - 0s 82us/step - loss: 0.3654 - acc: 0.8333 - val_loss: 0.2555 - val_acc: 0.9167
Epoch 65/200

 10/240 [>.............................] - ETA: 0s - loss: 0.4788 - acc: 0.7000
240/240 [==============================] - 0s 83us/step - loss: 0.3493 - acc: 0.8542 - val_loss: 0.2535 - val_acc: 0.9167
Epoch 66/200

 10/240 [>.............................] - ETA: 0s - loss: 0.1828 - acc: 1.0000
240/240 [==============================] - 0s 81us/step - loss: 0.3477 - acc: 0.8583 - val_loss: 0.2505 - val_acc: 0.9167
Epoch 67/200

 10/240 [>.............................] - ETA: 0s - loss: 0.3899 - acc: 0.8000
240/240 [==============================] - 0s 82us/step - loss: 0.3823 - acc: 0.8167 - val_loss: 0.2483 - val_acc: 0.9167
Epoch 68/200

 10/240 [>.............................] - ETA: 0s - loss: 0.2622 - acc: 0.8000
240/240 [==============================] - 0s 83us/step - loss: 0.3492 - acc: 0.8333 - val_loss: 0.2462 - val_acc: 0.9167
Epoch 69/200

 10/240 [>.............................] - ETA: 0s - loss: 0.4963 - acc: 0.8000
240/240 [==============================] - 0s 81us/step - loss: 0.3590 - acc: 0.8333 - val_loss: 0.2437 - val_acc: 0.9167
Epoch 70/200

 10/240 [>.............................] - ETA: 0s - loss: 0.3795 - acc: 0.8000
240/240 [==============================] - 0s 80us/step - loss: 0.3634 - acc: 0.8208 - val_loss: 0.2419 - val_acc: 0.9167
Epoch 71/200

 10/240 [>.............................] - ETA: 0s - loss: 0.5013 - acc: 0.7000
240/240 [==============================] - 0s 81us/step - loss: 0.3608 - acc: 0.8333 - val_loss: 0.2398 - val_acc: 0.9167
Epoch 72/200

 10/240 [>.............................] - ETA: 0s - loss: 0.5506 - acc: 0.5000
240/240 [==============================] - 0s 81us/step - loss: 0.3602 - acc: 0.8375 - val_loss: 0.2378 - val_acc: 0.9167
Epoch 73/200

 10/240 [>.............................] - ETA: 0s - loss: 0.2830 - acc: 0.9000
240/240 [==============================] - 0s 79us/step - loss: 0.3297 - acc: 0.8500 - val_loss: 0.2351 - val_acc: 0.9167
Epoch 74/200

 10/240 [>.............................] - ETA: 0s - loss: 0.3363 - acc: 0.9000
240/240 [==============================] - 0s 81us/step - loss: 0.3244 - acc: 0.8500 - val_loss: 0.2338 - val_acc: 0.9167
Epoch 75/200

 10/240 [>.............................] - ETA: 0s - loss: 0.2294 - acc: 1.0000
240/240 [==============================] - 0s 80us/step - loss: 0.3341 - acc: 0.8417 - val_loss: 0.2307 - val_acc: 0.9167
Epoch 76/200

 10/240 [>.............................] - ETA: 0s - loss: 0.3480 - acc: 0.8000
240/240 [==============================] - 0s 80us/step - loss: 0.3194 - acc: 0.8542 - val_loss: 0.2288 - val_acc: 0.9167
Epoch 77/200

 10/240 [>.............................] - ETA: 0s - loss: 0.2570 - acc: 1.0000
240/240 [==============================] - 0s 81us/step - loss: 0.3741 - acc: 0.8167 - val_loss: 0.2281 - val_acc: 0.9167
Epoch 78/200

 10/240 [>.............................] - ETA: 0s - loss: 0.3275 - acc: 0.8000
240/240 [==============================] - 0s 79us/step - loss: 0.3326 - acc: 0.8375 - val_loss: 0.2264 - val_acc: 0.9167
Epoch 79/200

 10/240 [>.............................] - ETA: 0s - loss: 0.2555 - acc: 1.0000
240/240 [==============================] - 0s 79us/step - loss: 0.3346 - acc: 0.8208 - val_loss: 0.2237 - val_acc: 0.9167
Epoch 80/200

 10/240 [>.............................] - ETA: 0s - loss: 0.3799 - acc: 0.9000
240/240 [==============================] - 0s 78us/step - loss: 0.3340 - acc: 0.8375 - val_loss: 0.2225 - val_acc: 0.9167
Epoch 81/200

 10/240 [>.............................] - ETA: 0s - loss: 0.4225 - acc: 0.9000
240/240 [==============================] - 0s 80us/step - loss: 0.3200 - acc: 0.8375 - val_loss: 0.2203 - val_acc: 0.9167
Epoch 82/200

 10/240 [>.............................] - ETA: 0s - loss: 0.4680 - acc: 0.7000
240/240 [==============================] - 0s 79us/step - loss: 0.3493 - acc: 0.8250 - val_loss: 0.2187 - val_acc: 0.9167
Epoch 83/200

 10/240 [>.............................] - ETA: 0s - loss: 0.3239 - acc: 0.8000
240/240 [==============================] - 0s 79us/step - loss: 0.3088 - acc: 0.8542 - val_loss: 0.2171 - val_acc: 0.9167
Epoch 84/200

 10/240 [>.............................] - ETA: 0s - loss: 0.3163 - acc: 0.8000
240/240 [==============================] - 0s 79us/step - loss: 0.3201 - acc: 0.8458 - val_loss: 0.2154 - val_acc: 0.9167
Epoch 85/200

 10/240 [>.............................] - ETA: 0s - loss: 0.1668 - acc: 0.9000
240/240 [==============================] - 0s 80us/step - loss: 0.3409 - acc: 0.8167 - val_loss: 0.2145 - val_acc: 0.9167
Epoch 86/200

 10/240 [>.............................] - ETA: 0s - loss: 0.2542 - acc: 0.9000
240/240 [==============================] - 0s 79us/step - loss: 0.3161 - acc: 0.8500 - val_loss: 0.2132 - val_acc: 0.9167
Epoch 87/200

 10/240 [>.............................] - ETA: 0s - loss: 0.3018 - acc: 0.9000
240/240 [==============================] - 0s 80us/step - loss: 0.3051 - acc: 0.8458 - val_loss: 0.2107 - val_acc: 0.9167
Epoch 88/200

 10/240 [>.............................] - ETA: 0s - loss: 0.3120 - acc: 0.7000
240/240 [==============================] - 0s 78us/step - loss: 0.3230 - acc: 0.8333 - val_loss: 0.2094 - val_acc: 0.9167
Epoch 89/200

 10/240 [>.............................] - ETA: 0s - loss: 0.3890 - acc: 0.8000
240/240 [==============================] - 0s 87us/step - loss: 0.3491 - acc: 0.8000 - val_loss: 0.2080 - val_acc: 0.9167
Epoch 90/200

 10/240 [>.............................] - ETA: 0s - loss: 0.1389 - acc: 1.0000
240/240 [==============================] - 0s 79us/step - loss: 0.3382 - acc: 0.8292 - val_loss: 0.2076 - val_acc: 0.9167
Epoch 91/200

 10/240 [>.............................] - ETA: 0s - loss: 0.3899 - acc: 0.7000
240/240 [==============================] - 0s 79us/step - loss: 0.3339 - acc: 0.8208 - val_loss: 0.2067 - val_acc: 0.9167
Epoch 92/200

 10/240 [>.............................] - ETA: 0s - loss: 0.2088 - acc: 0.9000
240/240 [==============================] - 0s 83us/step - loss: 0.3370 - acc: 0.8375 - val_loss: 0.2069 - val_acc: 0.9167
Epoch 93/200

 10/240 [>.............................] - ETA: 0s - loss: 0.2201 - acc: 1.0000
240/240 [==============================] - 0s 80us/step - loss: 0.3118 - acc: 0.8333 - val_loss: 0.2045 - val_acc: 0.9167
Epoch 94/200

 10/240 [>.............................] - ETA: 0s - loss: 0.6238 - acc: 0.6000
240/240 [==============================] - 0s 80us/step - loss: 0.3500 - acc: 0.8167 - val_loss: 0.2040 - val_acc: 0.9167
Epoch 95/200

 10/240 [>.............................] - ETA: 0s - loss: 0.2596 - acc: 0.9000
240/240 [==============================] - 0s 79us/step - loss: 0.3351 - acc: 0.8250 - val_loss: 0.2038 - val_acc: 0.9167
Epoch 96/200

 10/240 [>.............................] - ETA: 0s - loss: 0.1056 - acc: 1.0000
240/240 [==============================] - 0s 79us/step - loss: 0.3256 - acc: 0.8292 - val_loss: 0.2032 - val_acc: 0.9167
Epoch 97/200

 10/240 [>.............................] - ETA: 0s - loss: 0.4495 - acc: 0.7000
240/240 [==============================] - 0s 80us/step - loss: 0.3295 - acc: 0.8292 - val_loss: 0.2016 - val_acc: 0.9167
Epoch 98/200

 10/240 [>.............................] - ETA: 0s - loss: 0.3436 - acc: 0.8000
240/240 [==============================] - 0s 84us/step - loss: 0.3288 - acc: 0.8083 - val_loss: 0.2006 - val_acc: 0.9167
Epoch 99/200

 10/240 [>.............................] - ETA: 0s - loss: 0.3255 - acc: 0.9000
240/240 [==============================] - 0s 79us/step - loss: 0.2949 - acc: 0.8333 - val_loss: 0.1988 - val_acc: 0.9167
Epoch 100/200

 10/240 [>.............................] - ETA: 0s - loss: 0.4431 - acc: 0.7000
240/240 [==============================] - 0s 78us/step - loss: 0.3258 - acc: 0.8042 - val_loss: 0.1982 - val_acc: 0.9167
Epoch 101/200

 10/240 [>.............................] - ETA: 0s - loss: 0.4666 - acc: 0.6000
240/240 [==============================] - 0s 83us/step - loss: 0.3302 - acc: 0.8167 - val_loss: 0.1989 - val_acc: 0.9167
Epoch 102/200

 10/240 [>.............................] - ETA: 0s - loss: 0.4671 - acc: 0.7000
240/240 [==============================] - 0s 78us/step - loss: 0.3002 - acc: 0.8458 - val_loss: 0.1958 - val_acc: 0.9167
Epoch 103/200

 10/240 [>.............................] - ETA: 0s - loss: 0.4274 - acc: 0.7000
240/240 [==============================] - 0s 78us/step - loss: 0.3219 - acc: 0.8292 - val_loss: 0.1948 - val_acc: 0.9167
Epoch 104/200

 10/240 [>.............................] - ETA: 0s - loss: 0.2208 - acc: 0.8000
240/240 [==============================] - 0s 83us/step - loss: 0.3144 - acc: 0.8417 - val_loss: 0.1932 - val_acc: 0.9167
Epoch 105/200

 10/240 [>.............................] - ETA: 0s - loss: 0.3352 - acc: 0.7000
240/240 [==============================] - 0s 78us/step - loss: 0.3103 - acc: 0.7833 - val_loss: 0.1924 - val_acc: 0.9167
Epoch 106/200

 10/240 [>.............................] - ETA: 0s - loss: 0.0961 - acc: 1.0000
240/240 [==============================] - 0s 78us/step - loss: 0.3040 - acc: 0.8375 - val_loss: 0.1905 - val_acc: 0.9167
Epoch 107/200

 10/240 [>.............................] - ETA: 0s - loss: 0.3573 - acc: 0.8000
240/240 [==============================] - 0s 79us/step - loss: 0.2991 - acc: 0.8500 - val_loss: 0.1901 - val_acc: 0.9167
Epoch 108/200

 10/240 [>.............................] - ETA: 0s - loss: 0.3734 - acc: 0.7000
240/240 [==============================] - 0s 79us/step - loss: 0.3033 - acc: 0.8417 - val_loss: 0.1898 - val_acc: 0.9167
Epoch 109/200

 10/240 [>.............................] - ETA: 0s - loss: 0.4966 - acc: 0.7000
240/240 [==============================] - 0s 78us/step - loss: 0.3186 - acc: 0.8417 - val_loss: 0.1885 - val_acc: 0.9167
Epoch 110/200

 10/240 [>.............................] - ETA: 0s - loss: 0.2866 - acc: 0.7000
240/240 [==============================] - 0s 80us/step - loss: 0.2521 - acc: 0.8875 - val_loss: 0.1870 - val_acc: 0.9167
Epoch 111/200

 10/240 [>.............................] - ETA: 0s - loss: 0.4334 - acc: 0.8000
240/240 [==============================] - 0s 78us/step - loss: 0.3257 - acc: 0.8417 - val_loss: 0.1870 - val_acc: 0.9167
Epoch 112/200

 10/240 [>.............................] - ETA: 0s - loss: 0.3251 - acc: 0.8000
240/240 [==============================] - 0s 77us/step - loss: 0.2886 - acc: 0.8625 - val_loss: 0.1855 - val_acc: 0.9167
Epoch 113/200

 10/240 [>.............................] - ETA: 0s - loss: 0.5961 - acc: 0.6000
240/240 [==============================] - 0s 81us/step - loss: 0.2934 - acc: 0.8333 - val_loss: 0.1855 - val_acc: 0.9167
Epoch 114/200

 10/240 [>.............................] - ETA: 0s - loss: 0.1890 - acc: 0.9000
240/240 [==============================] - 0s 79us/step - loss: 0.2932 - acc: 0.8333 - val_loss: 0.1836 - val_acc: 0.9167
Epoch 115/200

 10/240 [>.............................] - ETA: 0s - loss: 0.2930 - acc: 0.9000
240/240 [==============================] - 0s 80us/step - loss: 0.2729 - acc: 0.8833 - val_loss: 0.1824 - val_acc: 0.9167
Epoch 116/200

 10/240 [>.............................] - ETA: 0s - loss: 0.3864 - acc: 0.9000
240/240 [==============================] - 0s 82us/step - loss: 0.2961 - acc: 0.8583 - val_loss: 0.1816 - val_acc: 0.9167
Epoch 117/200

 10/240 [>.............................] - ETA: 0s - loss: 0.2571 - acc: 0.8000
240/240 [==============================] - 0s 78us/step - loss: 0.3024 - acc: 0.8167 - val_loss: 0.1802 - val_acc: 0.9167
Epoch 118/200

 10/240 [>.............................] - ETA: 0s - loss: 0.2673 - acc: 0.8000
240/240 [==============================] - 0s 78us/step - loss: 0.2906 - acc: 0.8292 - val_loss: 0.1795 - val_acc: 0.9167
Epoch 119/200

 10/240 [>.............................] - ETA: 0s - loss: 0.3133 - acc: 0.8000
240/240 [==============================] - 0s 83us/step - loss: 0.3079 - acc: 0.8333 - val_loss: 0.1786 - val_acc: 0.9167
Epoch 120/200

 10/240 [>.............................] - ETA: 0s - loss: 0.1455 - acc: 1.0000
240/240 [==============================] - 0s 77us/step - loss: 0.2979 - acc: 0.8292 - val_loss: 0.1785 - val_acc: 0.9167
Epoch 121/200

 10/240 [>.............................] - ETA: 0s - loss: 0.2660 - acc: 0.9000
240/240 [==============================] - 0s 78us/step - loss: 0.3126 - acc: 0.8167 - val_loss: 0.1792 - val_acc: 0.9167
Epoch 122/200

 10/240 [>.............................] - ETA: 0s - loss: 0.2389 - acc: 0.9000
240/240 [==============================] - 0s 79us/step - loss: 0.2962 - acc: 0.8333 - val_loss: 0.1786 - val_acc: 0.9167
Epoch 123/200

 10/240 [>.............................] - ETA: 0s - loss: 0.1629 - acc: 1.0000
240/240 [==============================] - 0s 79us/step - loss: 0.2808 - acc: 0.8458 - val_loss: 0.1770 - val_acc: 0.9167
Epoch 124/200

 10/240 [>.............................] - ETA: 0s - loss: 0.2720 - acc: 0.8000
240/240 [==============================] - 0s 78us/step - loss: 0.2796 - acc: 0.8375 - val_loss: 0.1771 - val_acc: 0.9167
Epoch 125/200

 10/240 [>.............................] - ETA: 0s - loss: 0.1672 - acc: 1.0000
240/240 [==============================] - 0s 84us/step - loss: 0.3230 - acc: 0.8333 - val_loss: 0.1769 - val_acc: 0.9167
Epoch 126/200

 10/240 [>.............................] - ETA: 0s - loss: 0.2809 - acc: 0.9000
240/240 [==============================] - 0s 81us/step - loss: 0.2808 - acc: 0.8708 - val_loss: 0.1757 - val_acc: 0.9167
Epoch 127/200

 10/240 [>.............................] - ETA: 0s - loss: 0.3629 - acc: 0.9000
240/240 [==============================] - 0s 85us/step - loss: 0.2880 - acc: 0.8500 - val_loss: 0.1743 - val_acc: 0.9167
Epoch 128/200

 10/240 [>.............................] - ETA: 0s - loss: 0.1878 - acc: 0.9000
240/240 [==============================] - 0s 86us/step - loss: 0.2713 - acc: 0.8667 - val_loss: 0.1731 - val_acc: 0.9167
Epoch 129/200

 10/240 [>.............................] - ETA: 0s - loss: 0.2763 - acc: 0.9000
240/240 [==============================] - 0s 91us/step - loss: 0.2806 - acc: 0.8667 - val_loss: 0.1725 - val_acc: 0.9167
Epoch 130/200

 10/240 [>.............................] - ETA: 0s - loss: 0.2539 - acc: 1.0000
240/240 [==============================] - 0s 95us/step - loss: 0.2848 - acc: 0.8500 - val_loss: 0.1717 - val_acc: 0.9167
Epoch 131/200

 10/240 [>.............................] - ETA: 0s - loss: 0.4777 - acc: 0.7000
240/240 [==============================] - 0s 86us/step - loss: 0.2846 - acc: 0.8458 - val_loss: 0.1708 - val_acc: 0.9167
Epoch 132/200

 10/240 [>.............................] - ETA: 0s - loss: 0.1141 - acc: 1.0000
240/240 [==============================] - 0s 80us/step - loss: 0.2987 - acc: 0.8292 - val_loss: 0.1718 - val_acc: 0.9167
Epoch 133/200

 10/240 [>.............................] - ETA: 0s - loss: 0.4508 - acc: 0.7000
240/240 [==============================] - 0s 80us/step - loss: 0.2840 - acc: 0.8417 - val_loss: 0.1709 - val_acc: 0.9167
Epoch 134/200

 10/240 [>.............................] - ETA: 0s - loss: 0.3729 - acc: 0.9000
240/240 [==============================] - 0s 81us/step - loss: 0.2868 - acc: 0.8375 - val_loss: 0.1710 - val_acc: 0.9167
Epoch 135/200

 10/240 [>.............................] - ETA: 0s - loss: 0.0763 - acc: 1.0000
240/240 [==============================] - 0s 78us/step - loss: 0.2741 - acc: 0.8583 - val_loss: 0.1692 - val_acc: 0.9167
Epoch 136/200

 10/240 [>.............................] - ETA: 0s - loss: 0.2363 - acc: 0.9000
240/240 [==============================] - 0s 87us/step - loss: 0.2857 - acc: 0.8542 - val_loss: 0.1687 - val_acc: 0.9167
Epoch 137/200

 10/240 [>.............................] - ETA: 0s - loss: 0.5812 - acc: 0.7000
240/240 [==============================] - 0s 102us/step - loss: 0.2882 - acc: 0.8542 - val_loss: 0.1685 - val_acc: 0.9167
Epoch 138/200

 10/240 [>.............................] - ETA: 0s - loss: 0.3956 - acc: 0.7000
240/240 [==============================] - 0s 95us/step - loss: 0.2765 - acc: 0.8458 - val_loss: 0.1675 - val_acc: 0.9167
Epoch 139/200

 10/240 [>.............................] - ETA: 0s - loss: 0.2529 - acc: 0.9000
240/240 [==============================] - 0s 96us/step - loss: 0.3136 - acc: 0.8042 - val_loss: 0.1677 - val_acc: 0.9167
Epoch 140/200

 10/240 [>.............................] - ETA: 0s - loss: 0.2339 - acc: 0.8000
240/240 [==============================] - 0s 95us/step - loss: 0.2925 - acc: 0.8167 - val_loss: 0.1682 - val_acc: 0.9167
Epoch 141/200

 10/240 [>.............................] - ETA: 0s - loss: 0.2126 - acc: 1.0000
240/240 [==============================] - 0s 92us/step - loss: 0.2830 - acc: 0.8375 - val_loss: 0.1679 - val_acc: 0.9167
Epoch 142/200

 10/240 [>.............................] - ETA: 0s - loss: 0.4577 - acc: 0.6000
240/240 [==============================] - 0s 92us/step - loss: 0.2730 - acc: 0.8375 - val_loss: 0.1673 - val_acc: 0.9167
Epoch 143/200

 10/240 [>.............................] - ETA: 0s - loss: 0.1294 - acc: 0.9000
240/240 [==============================] - 0s 92us/step - loss: 0.2948 - acc: 0.8375 - val_loss: 0.1663 - val_acc: 0.9167
Epoch 144/200

 10/240 [>.............................] - ETA: 0s - loss: 0.1344 - acc: 0.9000
240/240 [==============================] - 0s 91us/step - loss: 0.2692 - acc: 0.8458 - val_loss: 0.1651 - val_acc: 0.9167
Epoch 145/200

 10/240 [>.............................] - ETA: 0s - loss: 0.3033 - acc: 0.7000
240/240 [==============================] - 0s 90us/step - loss: 0.3009 - acc: 0.7958 - val_loss: 0.1649 - val_acc: 0.9167
Epoch 146/200

 10/240 [>.............................] - ETA: 0s - loss: 0.1639 - acc: 1.0000
240/240 [==============================] - 0s 97us/step - loss: 0.3034 - acc: 0.8167 - val_loss: 0.1647 - val_acc: 0.9167
Epoch 147/200

 10/240 [>.............................] - ETA: 0s - loss: 0.4419 - acc: 0.7000
240/240 [==============================] - 0s 88us/step - loss: 0.2756 - acc: 0.8583 - val_loss: 0.1649 - val_acc: 0.9167
Epoch 148/200

 10/240 [>.............................] - ETA: 0s - loss: 0.3514 - acc: 0.6000
240/240 [==============================] - 0s 90us/step - loss: 0.2929 - acc: 0.8042 - val_loss: 0.1653 - val_acc: 0.9167
Epoch 149/200

 10/240 [>.............................] - ETA: 0s - loss: 0.2847 - acc: 0.9000
240/240 [==============================] - 0s 93us/step - loss: 0.2748 - acc: 0.8500 - val_loss: 0.1636 - val_acc: 0.9167
Epoch 150/200

 10/240 [>.............................] - ETA: 0s - loss: 0.3195 - acc: 0.8000
240/240 [==============================] - 0s 93us/step - loss: 0.2655 - acc: 0.8458 - val_loss: 0.1639 - val_acc: 0.9167
Epoch 151/200

 10/240 [>.............................] - ETA: 0s - loss: 0.3028 - acc: 0.9000
240/240 [==============================] - 0s 94us/step - loss: 0.2980 - acc: 0.8167 - val_loss: 0.1624 - val_acc: 0.9167
Epoch 152/200

 10/240 [>.............................] - ETA: 0s - loss: 0.3016 - acc: 0.9000
240/240 [==============================] - 0s 80us/step - loss: 0.2604 - acc: 0.8875 - val_loss: 0.1624 - val_acc: 0.9167
Epoch 153/200

 10/240 [>.............................] - ETA: 0s - loss: 0.1022 - acc: 1.0000
240/240 [==============================] - 0s 79us/step - loss: 0.2587 - acc: 0.8750 - val_loss: 0.1618 - val_acc: 0.9167
Epoch 154/200

 10/240 [>.............................] - ETA: 0s - loss: 0.2869 - acc: 0.8000
240/240 [==============================] - 0s 78us/step - loss: 0.2698 - acc: 0.8833 - val_loss: 0.1596 - val_acc: 0.9167
Epoch 155/200

 10/240 [>.............................] - ETA: 0s - loss: 0.1204 - acc: 1.0000
240/240 [==============================] - 0s 81us/step - loss: 0.2742 - acc: 0.8542 - val_loss: 0.1586 - val_acc: 0.9167
Epoch 156/200

 10/240 [>.............................] - ETA: 0s - loss: 0.4644 - acc: 0.7000
240/240 [==============================] - 0s 78us/step - loss: 0.2721 - acc: 0.8250 - val_loss: 0.1598 - val_acc: 0.9167
Epoch 157/200

 10/240 [>.............................] - ETA: 0s - loss: 0.2857 - acc: 0.9000
240/240 [==============================] - 0s 84us/step - loss: 0.2276 - acc: 0.9208 - val_loss: 0.1577 - val_acc: 0.9167
Epoch 158/200

 10/240 [>.............................] - ETA: 0s - loss: 0.1675 - acc: 1.0000
240/240 [==============================] - 0s 97us/step - loss: 0.2724 - acc: 0.8500 - val_loss: 0.1566 - val_acc: 0.9167
Epoch 159/200

 10/240 [>.............................] - ETA: 0s - loss: 0.1841 - acc: 0.9000
240/240 [==============================] - 0s 90us/step - loss: 0.2600 - acc: 0.8500 - val_loss: 0.1566 - val_acc: 0.9167
Epoch 160/200

 10/240 [>.............................] - ETA: 0s - loss: 0.3388 - acc: 0.8000
240/240 [==============================] - 0s 90us/step - loss: 0.2771 - acc: 0.8333 - val_loss: 0.1570 - val_acc: 0.9167
Epoch 161/200

 10/240 [>.............................] - ETA: 0s - loss: 0.1213 - acc: 1.0000
240/240 [==============================] - 0s 82us/step - loss: 0.2732 - acc: 0.8542 - val_loss: 0.1558 - val_acc: 0.9167
Epoch 162/200

 10/240 [>.............................] - ETA: 0s - loss: 0.2770 - acc: 1.0000
240/240 [==============================] - 0s 79us/step - loss: 0.2714 - acc: 0.8333 - val_loss: 0.1560 - val_acc: 0.9167
Epoch 163/200

 10/240 [>.............................] - ETA: 0s - loss: 0.3638 - acc: 0.9000
240/240 [==============================] - 0s 78us/step - loss: 0.2584 - acc: 0.8417 - val_loss: 0.1549 - val_acc: 0.9167
Epoch 164/200

 10/240 [>.............................] - ETA: 0s - loss: 0.2552 - acc: 0.9000
240/240 [==============================] - 0s 81us/step - loss: 0.2792 - acc: 0.8208 - val_loss: 0.1545 - val_acc: 0.9167
Epoch 165/200

 10/240 [>.............................] - ETA: 0s - loss: 0.2262 - acc: 0.8000
240/240 [==============================] - 0s 80us/step - loss: 0.2838 - acc: 0.8500 - val_loss: 0.1557 - val_acc: 0.9167
Epoch 166/200

 10/240 [>.............................] - ETA: 0s - loss: 0.1802 - acc: 1.0000
240/240 [==============================] - 0s 84us/step - loss: 0.2367 - acc: 0.8875 - val_loss: 0.1541 - val_acc: 0.9167
Epoch 167/200

 10/240 [>.............................] - ETA: 0s - loss: 0.1932 - acc: 1.0000
240/240 [==============================] - 0s 83us/step - loss: 0.2816 - acc: 0.8542 - val_loss: 0.1555 - val_acc: 0.9167
Epoch 168/200

 10/240 [>.............................] - ETA: 0s - loss: 0.2448 - acc: 0.8000
240/240 [==============================] - 0s 79us/step - loss: 0.2642 - acc: 0.8667 - val_loss: 0.1540 - val_acc: 0.9167
Epoch 169/200

 10/240 [>.............................] - ETA: 0s - loss: 0.3783 - acc: 0.8000
240/240 [==============================] - 0s 79us/step - loss: 0.2858 - acc: 0.8583 - val_loss: 0.1545 - val_acc: 0.9167
Epoch 170/200

 10/240 [>.............................] - ETA: 0s - loss: 0.2496 - acc: 0.9000
240/240 [==============================] - 0s 79us/step - loss: 0.2498 - acc: 0.8417 - val_loss: 0.1533 - val_acc: 0.9167
Epoch 171/200

 10/240 [>.............................] - ETA: 0s - loss: 0.2773 - acc: 0.8000
240/240 [==============================] - 0s 85us/step - loss: 0.2630 - acc: 0.8458 - val_loss: 0.1537 - val_acc: 0.9167
Epoch 172/200

 10/240 [>.............................] - ETA: 0s - loss: 0.3206 - acc: 0.9000
240/240 [==============================] - 0s 91us/step - loss: 0.2413 - acc: 0.8792 - val_loss: 0.1519 - val_acc: 0.9167
Epoch 173/200

 10/240 [>.............................] - ETA: 0s - loss: 0.2363 - acc: 0.8000
240/240 [==============================] - 0s 88us/step - loss: 0.2621 - acc: 0.8417 - val_loss: 0.1525 - val_acc: 0.9167
Epoch 174/200

 10/240 [>.............................] - ETA: 0s - loss: 0.2778 - acc: 0.9000
240/240 [==============================] - 0s 92us/step - loss: 0.2206 - acc: 0.8833 - val_loss: 0.1517 - val_acc: 0.9167
Epoch 175/200

 10/240 [>.............................] - ETA: 0s - loss: 0.3254 - acc: 0.8000
240/240 [==============================] - 0s 86us/step - loss: 0.2624 - acc: 0.8500 - val_loss: 0.1495 - val_acc: 0.9167
Epoch 176/200

 10/240 [>.............................] - ETA: 0s - loss: 0.1662 - acc: 1.0000
240/240 [==============================] - 0s 80us/step - loss: 0.2653 - acc: 0.8625 - val_loss: 0.1506 - val_acc: 0.9167
Epoch 177/200

 10/240 [>.............................] - ETA: 0s - loss: 0.2248 - acc: 0.9000
240/240 [==============================] - 0s 79us/step - loss: 0.2652 - acc: 0.8458 - val_loss: 0.1495 - val_acc: 0.9167
Epoch 178/200

 10/240 [>.............................] - ETA: 0s - loss: 0.1930 - acc: 0.9000
240/240 [==============================] - 0s 78us/step - loss: 0.2387 - acc: 0.8792 - val_loss: 0.1496 - val_acc: 0.9167
Epoch 179/200

 10/240 [>.............................] - ETA: 0s - loss: 0.3332 - acc: 0.9000
240/240 [==============================] - 0s 80us/step - loss: 0.2848 - acc: 0.8458 - val_loss: 0.1488 - val_acc: 0.9167
Epoch 180/200

 10/240 [>.............................] - ETA: 0s - loss: 0.1985 - acc: 0.9000
240/240 [==============================] - 0s 77us/step - loss: 0.2596 - acc: 0.8833 - val_loss: 0.1501 - val_acc: 0.9167
Epoch 181/200

 10/240 [>.............................] - ETA: 0s - loss: 0.3165 - acc: 0.8000
240/240 [==============================] - 0s 77us/step - loss: 0.2863 - acc: 0.8375 - val_loss: 0.1489 - val_acc: 0.9167
Epoch 182/200

 10/240 [>.............................] - ETA: 0s - loss: 0.1883 - acc: 0.8000
240/240 [==============================] - 0s 82us/step - loss: 0.2547 - acc: 0.8333 - val_loss: 0.1490 - val_acc: 0.9167
Epoch 183/200

 10/240 [>.............................] - ETA: 0s - loss: 0.1942 - acc: 1.0000
240/240 [==============================] - 0s 78us/step - loss: 0.2438 - acc: 0.8458 - val_loss: 0.1479 - val_acc: 0.9167
Epoch 184/200

 10/240 [>.............................] - ETA: 0s - loss: 0.3095 - acc: 0.8000
240/240 [==============================] - 0s 79us/step - loss: 0.2554 - acc: 0.8583 - val_loss: 0.1468 - val_acc: 0.9167
Epoch 185/200

 10/240 [>.............................] - ETA: 0s - loss: 0.2215 - acc: 0.9000
240/240 [==============================] - 0s 80us/step - loss: 0.2489 - acc: 0.8708 - val_loss: 0.1463 - val_acc: 0.9167
Epoch 186/200

 10/240 [>.............................] - ETA: 0s - loss: 0.2404 - acc: 1.0000
240/240 [==============================] - 0s 99us/step - loss: 0.2722 - acc: 0.8500 - val_loss: 0.1464 - val_acc: 0.9167
Epoch 187/200

 10/240 [>.............................] - ETA: 0s - loss: 0.4386 - acc: 0.7000
240/240 [==============================] - 0s 93us/step - loss: 0.2735 - acc: 0.8375 - val_loss: 0.1479 - val_acc: 0.9167
Epoch 188/200

 10/240 [>.............................] - ETA: 0s - loss: 0.1216 - acc: 0.9000
240/240 [==============================] - 0s 91us/step - loss: 0.2458 - acc: 0.8708 - val_loss: 0.1477 - val_acc: 0.9167
Epoch 189/200

 10/240 [>.............................] - ETA: 0s - loss: 0.1312 - acc: 1.0000
240/240 [==============================] - 0s 92us/step - loss: 0.2638 - acc: 0.8583 - val_loss: 0.1464 - val_acc: 0.9167
Epoch 190/200

 10/240 [>.............................] - ETA: 0s - loss: 0.5006 - acc: 0.7000
240/240 [==============================] - 0s 86us/step - loss: 0.2638 - acc: 0.8417 - val_loss: 0.1460 - val_acc: 0.9167
Epoch 191/200

 10/240 [>.............................] - ETA: 0s - loss: 0.1947 - acc: 0.9000
240/240 [==============================] - 0s 84us/step - loss: 0.2601 - acc: 0.8667 - val_loss: 0.1448 - val_acc: 0.9167
Epoch 192/200

 10/240 [>.............................] - ETA: 0s - loss: 0.2060 - acc: 1.0000
240/240 [==============================] - 0s 78us/step - loss: 0.2353 - acc: 0.8625 - val_loss: 0.1435 - val_acc: 0.9167
Epoch 193/200

 10/240 [>.............................] - ETA: 0s - loss: 0.4004 - acc: 0.8000
240/240 [==============================] - 0s 80us/step - loss: 0.2531 - acc: 0.8500 - val_loss: 0.1436 - val_acc: 0.9167
Epoch 194/200

 10/240 [>.............................] - ETA: 0s - loss: 0.2651 - acc: 0.8000
240/240 [==============================] - 0s 79us/step - loss: 0.2589 - acc: 0.8417 - val_loss: 0.1428 - val_acc: 0.9167
Epoch 195/200

 10/240 [>.............................] - ETA: 0s - loss: 0.5099 - acc: 0.7000
240/240 [==============================] - 0s 79us/step - loss: 0.2790 - acc: 0.8208 - val_loss: 0.1439 - val_acc: 0.9167
Epoch 196/200

 10/240 [>.............................] - ETA: 0s - loss: 0.3250 - acc: 0.6000
240/240 [==============================] - 0s 82us/step - loss: 0.2649 - acc: 0.8292 - val_loss: 0.1433 - val_acc: 0.9167
Epoch 197/200

 10/240 [>.............................] - ETA: 0s - loss: 0.3261 - acc: 0.8000
240/240 [==============================] - 0s 79us/step - loss: 0.2560 - acc: 0.8625 - val_loss: 0.1422 - val_acc: 0.9167
Epoch 198/200

 10/240 [>.............................] - ETA: 0s - loss: 0.4764 - acc: 0.7000
240/240 [==============================] - 0s 77us/step - loss: 0.2886 - acc: 0.8333 - val_loss: 0.1441 - val_acc: 0.9167
Epoch 199/200

 10/240 [>.............................] - ETA: 0s - loss: 0.3340 - acc: 0.8000
240/240 [==============================] - 0s 83us/step - loss: 0.2783 - acc: 0.8083 - val_loss: 0.1440 - val_acc: 0.9167
Epoch 200/200

 10/240 [>.............................] - ETA: 0s - loss: 0.1643 - acc: 1.0000
240/240 [==============================] - 0s 87us/step - loss: 0.2322 - acc: 0.8917 - val_loss: 0.1427 - val_acc: 0.9167

 32/300 [==>...........................] - ETA: 0s
300/300 [==============================] - 0s 12us/step
Creating list of isomorphic graph pairs...
Done!
Creating list of random graph pairs...
Done!
Creating PING graphs...
Done!

 32/300 [==>...........................] - ETA: 0s
300/300 [==============================] - 0s 12us/step
train acc: 93.33%
test acc: 94.00%
